{
  "stats": {
    "suites": 1,
    "tests": 5,
    "passes": 2,
    "pending": 0,
    "failures": 3,
    "start": "2022-09-27T20:08:46.392Z",
    "end": "2022-09-27T20:08:47.983Z",
    "duration": 1591,
    "testsRegistered": 5,
    "passPercent": 40,
    "pendingPercent": 0,
    "other": 0,
    "hasOther": false,
    "skipped": 0,
    "hasSkipped": false
  },
  "results": [
    {
      "uuid": "decf2015-ff92-4496-8622-d209020be74d",
      "title": "",
      "fullFile": "cypress/integration/login.spec.js",
      "file": "cypress/integration/login.spec.js",
      "beforeHooks": [],
      "afterHooks": [],
      "tests": [],
      "suites": [
        {
          "uuid": "2aaa9058-efdb-4101-b965-ae5034781b19",
          "title": "Testes para a rota de login",
          "fullFile": "",
          "file": "",
          "beforeHooks": [],
          "afterHooks": [],
          "tests": [
            {
              "title": "Logar sem sucesso",
              "fullTitle": "Testes para a rota de login Logar sem sucesso",
              "timedOut": null,
              "duration": 214,
              "state": "passed",
              "speed": "fast",
              "pass": true,
              "fail": false,
              "pending": false,
              "context": null,
              "code": "_serverest.default.logarSemSucesso().then(resposta => {\n  cy.contractValidation(resposta, 'post-login', 400);\n  _validaServerest.default.validarLoginSemSucesso(resposta);\n});",
              "err": {},
              "uuid": "727f7603-62aa-4d0b-80cb-45f1dc490274",
              "parentUUID": "2aaa9058-efdb-4101-b965-ae5034781b19",
              "isHook": false,
              "skipped": false
            },
            {
              "title": "Tentativa de login sem email",
              "fullTitle": "Testes para a rota de login Tentativa de login sem email",
              "timedOut": null,
              "duration": 295,
              "state": "failed",
              "speed": null,
              "pass": false,
              "fail": true,
              "pending": false,
              "context": null,
              "code": "_serverest.default.loginSemEmail().then(resposta => {\n  cy.contractValidation(resposta, 'post-login', 400);\n  _validaServerest.default.validarLoginSemEmail(resposta);\n});",
              "err": {
                "message": "AssertionError: expected undefined to equal 'email não pode ficar em branco'",
                "estack": "AssertionError: expected undefined to equal 'email não pode ficar em branco'\n    at Function.validarLoginSemEmail (https://serverest.dev/__cypress/tests?p=cypress\\integration\\login.spec.js:785:41)\n    at Context.eval (https://serverest.dev/__cypress/tests?p=cypress\\integration\\login.spec.js:236:32)",
                "diff": null
              },
              "uuid": "a037679c-b86a-4a83-ba59-40917bd88e79",
              "parentUUID": "2aaa9058-efdb-4101-b965-ae5034781b19",
              "isHook": false,
              "skipped": false
            },
            {
              "title": "Tentativa de login sem senha",
              "fullTitle": "Testes para a rota de login Tentativa de login sem senha",
              "timedOut": null,
              "duration": 307,
              "state": "failed",
              "speed": null,
              "pass": false,
              "fail": true,
              "pending": false,
              "context": null,
              "code": "_serverest.default.loginSemSenha().then(resposta => {\n  cy.contractValidation(resposta, 'post-login', 400);\n  _validaServerest.default.validarLoginSemSenha(resposta);\n});",
              "err": {
                "message": "AssertionError: expected undefined to equal 'Senha inválida, digite novamente'",
                "estack": "AssertionError: expected undefined to equal 'Senha inválida, digite novamente'\n    at Function.validarLoginSemSenha (https://serverest.dev/__cypress/tests?p=cypress\\integration\\login.spec.js:789:41)\n    at Context.eval (https://serverest.dev/__cypress/tests?p=cypress\\integration\\login.spec.js:243:32)",
                "diff": null
              },
              "uuid": "a94af8c4-969e-424a-99cc-51c3bf8828e9",
              "parentUUID": "2aaa9058-efdb-4101-b965-ae5034781b19",
              "isHook": false,
              "skipped": false
            },
            {
              "title": "Tentativa de login com e-mail inválido",
              "fullTitle": "Testes para a rota de login Tentativa de login com e-mail inválido",
              "timedOut": null,
              "duration": 307,
              "state": "failed",
              "speed": null,
              "pass": false,
              "fail": true,
              "pending": false,
              "context": null,
              "code": "_serverest.default.loginEmailInvalido().then(resposta => {\n  cy.contractValidation(resposta, 'post-login', 400);\n  _validaServerest.default.validarLoginEmailInvalido(resposta);\n});",
              "err": {
                "message": "AssertionError: expected undefined to equal 'Email deve ser um email válido'",
                "estack": "AssertionError: expected undefined to equal 'Email deve ser um email válido'\n    at Function.validarLoginEmailInvalido (https://serverest.dev/__cypress/tests?p=cypress\\integration\\login.spec.js:793:41)\n    at Context.eval (https://serverest.dev/__cypress/tests?p=cypress\\integration\\login.spec.js:250:32)",
                "diff": null
              },
              "uuid": "1a915a7b-3790-4a8f-92e7-15193367b477",
              "parentUUID": "2aaa9058-efdb-4101-b965-ae5034781b19",
              "isHook": false,
              "skipped": false
            },
            {
              "title": "Deve logar com sucesso",
              "fullTitle": "Testes para a rota de login Deve logar com sucesso",
              "timedOut": null,
              "duration": 406,
              "state": "passed",
              "speed": "fast",
              "pass": true,
              "fail": false,
              "pending": false,
              "context": null,
              "code": "_serverest.default.buscarUsuarioParaLogin();\ncy.get('@usuarioLogin').then(usuario => {\n  _serverest.default.logar(usuario).then(res => {\n    _serverest.default.salvarBearer(res);\n  });\n});",
              "err": {},
              "uuid": "4b7b9c10-fb7c-4917-8f00-a7975dfeb3ba",
              "parentUUID": "2aaa9058-efdb-4101-b965-ae5034781b19",
              "isHook": false,
              "skipped": false
            }
          ],
          "suites": [],
          "passes": [
            "727f7603-62aa-4d0b-80cb-45f1dc490274",
            "4b7b9c10-fb7c-4917-8f00-a7975dfeb3ba"
          ],
          "failures": [
            "a037679c-b86a-4a83-ba59-40917bd88e79",
            "a94af8c4-969e-424a-99cc-51c3bf8828e9",
            "1a915a7b-3790-4a8f-92e7-15193367b477"
          ],
          "pending": [],
          "skipped": [],
          "duration": 1529,
          "root": false,
          "rootEmpty": false,
          "_timeout": 2000
        }
      ],
      "passes": [],
      "failures": [],
      "pending": [],
      "skipped": [],
      "duration": 0,
      "root": true,
      "rootEmpty": true,
      "_timeout": 2000
    }
  ],
  "meta": {
    "mocha": {
      "version": "7.0.1"
    },
    "mochawesome": {
      "options": {
        "quiet": false,
        "reportFilename": "mochawesome",
        "saveHtml": false,
        "saveJson": true,
        "consoleReporter": "spec",
        "useInlineDiffs": false,
        "code": true
      },
      "version": "7.1.3"
    },
    "marge": {
      "options": {
        "id": "default",
        "reportDir": "cypress/reports/mocha",
        "quite": true,
        "overwrite": false,
        "html": false,
        "json": true
      },
      "version": "6.2.0"
    }
  }
}