{
  "stats": {
    "suites": 1,
    "tests": 9,
    "passes": 6,
    "pending": 0,
    "failures": 3,
    "start": "2022-09-27T20:09:05.820Z",
    "end": "2022-09-27T20:09:08.107Z",
    "duration": 2287,
    "testsRegistered": 9,
    "passPercent": 66.66666666666666,
    "pendingPercent": 0,
    "other": 0,
    "hasOther": false,
    "skipped": 0,
    "hasSkipped": false
  },
  "results": [
    {
      "uuid": "46fbb0b4-4d76-42e3-8c29-04c975a48204",
      "title": "",
      "fullFile": "cypress/integration/usuarios.spec.js",
      "file": "cypress/integration/usuarios.spec.js",
      "beforeHooks": [],
      "afterHooks": [],
      "tests": [],
      "suites": [
        {
          "uuid": "3ddf7820-636a-4a85-bae1-1afdaa045231",
          "title": "Testes para a rota usuários",
          "fullFile": "",
          "file": "",
          "beforeHooks": [],
          "afterHooks": [],
          "tests": [
            {
              "title": "Tentativa de cadastro com email já utilizado",
              "fullTitle": "Testes para a rota usuários Tentativa de cadastro com email já utilizado",
              "timedOut": null,
              "duration": 222,
              "state": "passed",
              "speed": "fast",
              "pass": true,
              "fail": false,
              "pending": false,
              "context": null,
              "code": "_serverest.default.cadastrarUsuarioSemSucesso().then(resposta => {\n  cy.contractValidation(resposta, 'post-usuarios', 400);\n  _validaServerest.default.validarCadastroUsuarioSemSucesso(resposta);\n});",
              "err": {},
              "uuid": "e3159132-0e8b-4a77-9b11-858a932a015c",
              "parentUUID": "3ddf7820-636a-4a85-bae1-1afdaa045231",
              "isHook": false,
              "skipped": false
            },
            {
              "title": "Tentativa de cadastro com email inválido",
              "fullTitle": "Testes para a rota usuários Tentativa de cadastro com email inválido",
              "timedOut": null,
              "duration": 368,
              "state": "failed",
              "speed": null,
              "pass": false,
              "fail": true,
              "pending": false,
              "context": null,
              "code": "_serverest.default.cadastroUsuarioEmailInvalido().then(resposta => {\n  cy.contractValidation(resposta, 'post-usuarios', 400);\n  _validaServerest.default.validarCadastroUsuarioEmailInvalido(resposta);\n});",
              "err": {
                "message": "AssertionError: expected undefined to equal 'Email deve ser um email válido'",
                "estack": "AssertionError: expected undefined to equal 'Email deve ser um email válido'\n    at Function.validarCadastroUsuarioEmailInvalido (https://serverest.dev/__cypress/tests?p=cypress\\integration\\usuarios.spec.js:836:41)\n    at Context.eval (https://serverest.dev/__cypress/tests?p=cypress\\integration\\usuarios.spec.js:236:32)",
                "diff": null
              },
              "uuid": "c182dc00-1024-462a-84b3-20d44e1cf8d7",
              "parentUUID": "3ddf7820-636a-4a85-bae1-1afdaa045231",
              "isHook": false,
              "skipped": false
            },
            {
              "title": "Tentativa de cadastro com senha de 1 caractere",
              "fullTitle": "Testes para a rota usuários Tentativa de cadastro com senha de 1 caractere",
              "timedOut": null,
              "duration": 324,
              "state": "failed",
              "speed": null,
              "pass": false,
              "fail": true,
              "pending": false,
              "context": null,
              "code": "_serverest.default.cadastroUsuarioSenhaInvalida().then(resposta => {\n  cy.contractValidation(resposta, 'post-usuarios', 400);\n  _validaServerest.default.validarCadastroUsuarioSenhaInvalida(resposta);\n});",
              "err": {
                "message": "AssertionError: expected 'Cadastro realizado com sucesso' to equal 'Senha deve conter no mínimo 4 caracteres'",
                "estack": "AssertionError: expected 'Cadastro realizado com sucesso' to equal 'Senha deve conter no mínimo 4 caracteres'\n    at Function.validarCadastroUsuarioSenhaInvalida (https://serverest.dev/__cypress/tests?p=cypress\\integration\\usuarios.spec.js:840:41)\n    at Context.eval (https://serverest.dev/__cypress/tests?p=cypress\\integration\\usuarios.spec.js:243:32)",
                "diff": "- 'Cadastro realizado com sucesso'\n+ 'Senha deve conter no mínimo 4 caracteres'\n"
              },
              "uuid": "ff85e024-3fdb-4c9b-9597-f4ed34d9eb5f",
              "parentUUID": "3ddf7820-636a-4a85-bae1-1afdaa045231",
              "isHook": false,
              "skipped": false
            },
            {
              "title": "Tentativa de cadastro sem nome",
              "fullTitle": "Testes para a rota usuários Tentativa de cadastro sem nome",
              "timedOut": null,
              "duration": 177,
              "state": "passed",
              "speed": "fast",
              "pass": true,
              "fail": false,
              "pending": false,
              "context": null,
              "code": "_serverest.default.cadastroUsuarioNomeInvalido().then(resposta => {\n  cy.contractValidation(resposta, 'post-usuarios', 400);\n  _validaServerest.default.validarCadastroUsuarioNomeInvalido(resposta);\n});",
              "err": {},
              "uuid": "2b625e41-d7ad-4e5e-a375-71a5dd8aa4dc",
              "parentUUID": "3ddf7820-636a-4a85-bae1-1afdaa045231",
              "isHook": false,
              "skipped": false
            },
            {
              "title": "Tentativa de cadastro com administrador incorreto",
              "fullTitle": "Testes para a rota usuários Tentativa de cadastro com administrador incorreto",
              "timedOut": null,
              "duration": 343,
              "state": "failed",
              "speed": null,
              "pass": false,
              "fail": true,
              "pending": false,
              "context": null,
              "code": "_serverest.default.cadastroUsuarioAdmInvalido().then(resposta => {\n  cy.contractValidation(resposta, 'post-usuarios', 400);\n  _validaServerest.default.validarCadastroAdmInvalido(resposta);\n});",
              "err": {
                "message": "AssertionError: expected 'administrador deve ser \\'true\\' ou \\'false\\'' to equal 'administrador deve ser true ou false'",
                "estack": "AssertionError: expected 'administrador deve ser \\'true\\' ou \\'false\\'' to equal 'administrador deve ser true ou false'\n    at Function.validarCadastroAdmInvalido (https://serverest.dev/__cypress/tests?p=cypress\\integration\\usuarios.spec.js:848:47)\n    at Context.eval (https://serverest.dev/__cypress/tests?p=cypress\\integration\\usuarios.spec.js:257:32)",
                "diff": "- 'administrador deve ser \\'true\\' ou \\'false\\''\n+ 'administrador deve ser true ou false'\n"
              },
              "uuid": "bae2d388-a086-477f-a246-bcc1f61cd505",
              "parentUUID": "3ddf7820-636a-4a85-bae1-1afdaa045231",
              "isHook": false,
              "skipped": false
            },
            {
              "title": "Deve buscar todos os usuários cadastrados na Serverest",
              "fullTitle": "Testes para a rota usuários Deve buscar todos os usuários cadastrados na Serverest",
              "timedOut": null,
              "duration": 240,
              "state": "passed",
              "speed": "fast",
              "pass": true,
              "fail": false,
              "pending": false,
              "context": null,
              "code": "_serverest.default.buscarUsuarios().then(resposta => {\n  cy.contractValidation(resposta, 'get-usuarios', 200);\n  _validaServerest.default.validarBuscaDeUsuarios(resposta);\n});",
              "err": {},
              "uuid": "3ca1d1e8-686b-41ac-b5f6-f43d66fa88fc",
              "parentUUID": "3ddf7820-636a-4a85-bae1-1afdaa045231",
              "isHook": false,
              "skipped": false
            },
            {
              "title": "Cadastro de usuário com sucesso",
              "fullTitle": "Testes para a rota usuários Cadastro de usuário com sucesso",
              "timedOut": null,
              "duration": 171,
              "state": "passed",
              "speed": "fast",
              "pass": true,
              "fail": false,
              "pending": false,
              "context": null,
              "code": "_factory.default.gerarUsuario;\n_serverest.default.cadastrarUsuarioComSucesso().then(resposta => {\n  cy.contractValidation(resposta, 'post-usuarios', 201);\n  _validaServerest.default.validarCadastroUsuarioSucesso(resposta);\n});",
              "err": {},
              "uuid": "78ea4859-d109-4e68-ac33-bbb5d279d534",
              "parentUUID": "3ddf7820-636a-4a85-bae1-1afdaa045231",
              "isHook": false,
              "skipped": false
            },
            {
              "title": "Deve buscar um usuário pelo _id sem sucessso",
              "fullTitle": "Testes para a rota usuários Deve buscar um usuário pelo _id sem sucessso",
              "timedOut": null,
              "duration": 174,
              "state": "passed",
              "speed": "fast",
              "pass": true,
              "fail": false,
              "pending": false,
              "context": null,
              "code": "_serverest.default.buscarUsuarioPorIdSemSucesso().then(resposta => {\n  cy.contractValidation(resposta, 'get-usuarios-id', 400);\n  _validaServerest.default.validarBuscaDeUsuarioPeloIdSemSucesso(resposta);\n});",
              "err": {},
              "uuid": "f87e8ce3-f722-4fc0-96d3-9c7cf8d5143a",
              "parentUUID": "3ddf7820-636a-4a85-bae1-1afdaa045231",
              "isHook": false,
              "skipped": false
            },
            {
              "title": "Deve buscar um usuário pelo _id com sucessso",
              "fullTitle": "Testes para a rota usuários Deve buscar um usuário pelo _id com sucessso",
              "timedOut": null,
              "duration": 202,
              "state": "passed",
              "speed": "fast",
              "pass": true,
              "fail": false,
              "pending": false,
              "context": null,
              "code": "_serverest.default.buscarUsuarioPorId().then(resposta => {\n  cy.contractValidation(resposta, 'get-usuarios-id', 200);\n  _validaServerest.default.validarBuscaDeUsuarioPorIdSucesso(resposta);\n});",
              "err": {},
              "uuid": "790bcbbd-ae68-45d9-a986-3810f3d2eb06",
              "parentUUID": "3ddf7820-636a-4a85-bae1-1afdaa045231",
              "isHook": false,
              "skipped": false
            }
          ],
          "suites": [],
          "passes": [
            "e3159132-0e8b-4a77-9b11-858a932a015c",
            "2b625e41-d7ad-4e5e-a375-71a5dd8aa4dc",
            "3ca1d1e8-686b-41ac-b5f6-f43d66fa88fc",
            "78ea4859-d109-4e68-ac33-bbb5d279d534",
            "f87e8ce3-f722-4fc0-96d3-9c7cf8d5143a",
            "790bcbbd-ae68-45d9-a986-3810f3d2eb06"
          ],
          "failures": [
            "c182dc00-1024-462a-84b3-20d44e1cf8d7",
            "ff85e024-3fdb-4c9b-9597-f4ed34d9eb5f",
            "bae2d388-a086-477f-a246-bcc1f61cd505"
          ],
          "pending": [],
          "skipped": [],
          "duration": 2221,
          "root": false,
          "rootEmpty": false,
          "_timeout": 2000
        }
      ],
      "passes": [],
      "failures": [],
      "pending": [],
      "skipped": [],
      "duration": 0,
      "root": true,
      "rootEmpty": true,
      "_timeout": 2000
    }
  ],
  "meta": {
    "mocha": {
      "version": "7.0.1"
    },
    "mochawesome": {
      "options": {
        "quiet": false,
        "reportFilename": "mochawesome",
        "saveHtml": false,
        "saveJson": true,
        "consoleReporter": "spec",
        "useInlineDiffs": false,
        "code": true
      },
      "version": "7.1.3"
    },
    "marge": {
      "options": {
        "id": "default",
        "reportDir": "cypress/reports/mocha",
        "quite": true,
        "overwrite": false,
        "html": false,
        "json": true
      },
      "version": "6.2.0"
    }
  }
}