{
  "stats": {
    "suites": 2,
    "tests": 11,
    "passes": 3,
    "pending": 0,
    "failures": 8,
    "start": "2022-09-19T14:55:58.680Z",
    "end": "2022-09-19T14:56:04.099Z",
    "duration": 5419,
    "testsRegistered": 11,
    "passPercent": 27.27272727272727,
    "pendingPercent": 0,
    "other": 0,
    "hasOther": false,
    "skipped": 0,
    "hasSkipped": false
  },
  "results": [
    {
      "uuid": "0bf35f57-e8ab-449e-af8f-cb42584cbe5f",
      "title": "",
      "fullFile": "cypress/integration/terceiroFluxo.spec.js",
      "file": "cypress/integration/terceiroFluxo.spec.js",
      "beforeHooks": [],
      "afterHooks": [],
      "tests": [],
      "suites": [
        {
          "uuid": "7fde1d2e-0331-4280-a3f3-28e9c3204f79",
          "title": "Terceiro fluxo para automação",
          "fullFile": "",
          "file": "",
          "beforeHooks": [],
          "afterHooks": [],
          "tests": [
            {
              "title": "Logar sem sucesso",
              "fullTitle": "Terceiro fluxo para automação Logar sem sucesso",
              "timedOut": null,
              "duration": 233,
              "state": "passed",
              "speed": "fast",
              "pass": true,
              "fail": false,
              "pending": false,
              "context": null,
              "code": "_serverest.default.logarSemSucesso().then(resposta => {\n  cy.contractValidation(resposta, 'post-login', 400);\n  _validaServerest.default.validarLoginSemSucesso(resposta);\n});",
              "err": {},
              "uuid": "504c6f3e-7b7f-41db-9ffc-f1c6c068b6c8",
              "parentUUID": "7fde1d2e-0331-4280-a3f3-28e9c3204f79",
              "isHook": false,
              "skipped": false
            },
            {
              "title": "Tentativa de login sem email",
              "fullTitle": "Terceiro fluxo para automação Tentativa de login sem email",
              "timedOut": null,
              "duration": 374,
              "state": "failed",
              "speed": null,
              "pass": false,
              "fail": true,
              "pending": false,
              "context": null,
              "code": "_serverest.default.loginSemEmail().then(resposta => {\n  cy.contractValidation(resposta, 'post-login', 400);\n  _validaServerest.default.validarLoginSemEmail(resposta);\n});",
              "err": {
                "message": "AssertionError: expected undefined to equal 'email não pode ficar em branco'",
                "estack": "AssertionError: expected undefined to equal 'email não pode ficar em branco'\n    at Function.validarLoginSemEmail (https://serverest.dev/__cypress/tests?p=cypress\\integration\\terceiroFluxo.spec.js:721:41)\n    at Context.eval (https://serverest.dev/__cypress/tests?p=cypress\\integration\\terceiroFluxo.spec.js:215:32)",
                "diff": null
              },
              "uuid": "283d3e2a-8f1b-45f5-ac24-f410a1099163",
              "parentUUID": "7fde1d2e-0331-4280-a3f3-28e9c3204f79",
              "isHook": false,
              "skipped": false
            },
            {
              "title": "Tentativa de login sem senha",
              "fullTitle": "Terceiro fluxo para automação Tentativa de login sem senha",
              "timedOut": null,
              "duration": 307,
              "state": "failed",
              "speed": null,
              "pass": false,
              "fail": true,
              "pending": false,
              "context": null,
              "code": "_serverest.default.loginSemSenha().then(resposta => {\n  cy.contractValidation(resposta, 'post-login', 400);\n  _validaServerest.default.validarLoginSemSenha(resposta);\n});",
              "err": {
                "message": "AssertionError: expected undefined to equal 'email não pode ficar em branco'",
                "estack": "AssertionError: expected undefined to equal 'email não pode ficar em branco'\n    at Function.validarLoginSemSenha (https://serverest.dev/__cypress/tests?p=cypress\\integration\\terceiroFluxo.spec.js:725:41)\n    at Context.eval (https://serverest.dev/__cypress/tests?p=cypress\\integration\\terceiroFluxo.spec.js:222:32)",
                "diff": null
              },
              "uuid": "7e8b87a3-4c60-44f4-835e-5b21094e3292",
              "parentUUID": "7fde1d2e-0331-4280-a3f3-28e9c3204f79",
              "isHook": false,
              "skipped": false
            },
            {
              "title": "Tentativa de login com e-mail inválido",
              "fullTitle": "Terceiro fluxo para automação Tentativa de login com e-mail inválido",
              "timedOut": null,
              "duration": 313,
              "state": "failed",
              "speed": null,
              "pass": false,
              "fail": true,
              "pending": false,
              "context": null,
              "code": "_serverest.default.loginEmailInvalido().then(resposta => {\n  cy.contractValidation(resposta, 'post-login', 400);\n  _validaServerest.default.validarLoginEmailInvalido(resposta);\n});",
              "err": {
                "message": "AssertionError: expected undefined to equal 'Email deve ser um email válido'",
                "estack": "AssertionError: expected undefined to equal 'Email deve ser um email válido'\n    at Function.validarLoginEmailInvalido (https://serverest.dev/__cypress/tests?p=cypress\\integration\\terceiroFluxo.spec.js:729:41)\n    at Context.eval (https://serverest.dev/__cypress/tests?p=cypress\\integration\\terceiroFluxo.spec.js:229:32)",
                "diff": null
              },
              "uuid": "a61e0203-4494-4bc5-91c3-3c8d3e0c9821",
              "parentUUID": "7fde1d2e-0331-4280-a3f3-28e9c3204f79",
              "isHook": false,
              "skipped": false
            }
          ],
          "suites": [
            {
              "uuid": "db659b54-198b-416b-9126-2d1b24b46a22",
              "title": "Logar com sucesso",
              "fullFile": "",
              "file": "",
              "beforeHooks": [],
              "afterHooks": [],
              "tests": [
                {
                  "title": "Deve buscar um usuário por _id sem sucesso",
                  "fullTitle": "Terceiro fluxo para automação Logar com sucesso Deve buscar um usuário por _id sem sucesso",
                  "timedOut": null,
                  "duration": 532,
                  "state": "failed",
                  "speed": null,
                  "pass": false,
                  "fail": true,
                  "pending": false,
                  "context": null,
                  "code": "_serverest.default.buscarUsuarioPorIdErro().then(resposta => {\n  cy.contractValidation(resposta, 'get-usuarios-id', 400);\n  _validaServerest.default.validarBuscaDeUsuarioPorIdSemSucesso(resposta);\n});",
                  "err": {
                    "message": "TypeError: Cannot read properties of undefined (reading 'then')",
                    "estack": "TypeError: Cannot read properties of undefined (reading 'then')\n    at Context.eval (https://serverest.dev/__cypress/tests?p=cypress\\integration\\terceiroFluxo.spec.js:244:50)",
                    "diff": null
                  },
                  "uuid": "ee7013ae-5eb6-4667-a219-2853acb196dd",
                  "parentUUID": "db659b54-198b-416b-9126-2d1b24b46a22",
                  "isHook": false,
                  "skipped": false
                },
                {
                  "title": "Deve buscar um usuário por _id com sucesso",
                  "fullTitle": "Terceiro fluxo para automação Logar com sucesso Deve buscar um usuário por _id com sucesso",
                  "timedOut": null,
                  "duration": 536,
                  "state": "failed",
                  "speed": null,
                  "pass": false,
                  "fail": true,
                  "pending": false,
                  "context": null,
                  "code": "_serverest.default.buscarUsuarioPorId().then(resposta => {\n  cy.contractValidation(resposta, 'get-usuarios-id', 200);\n  _validaServerest.default.validarBuscaDeUsuarioPorIdSucesso(resposta);\n});",
                  "err": {
                    "message": "TypeError: Cannot read properties of undefined (reading 'then')",
                    "estack": "TypeError: Cannot read properties of undefined (reading 'then')\n    at Context.eval (https://serverest.dev/__cypress/tests?p=cypress\\integration\\terceiroFluxo.spec.js:252:46)",
                    "diff": null
                  },
                  "uuid": "529d79ed-3801-43e7-ab23-562eb54d2486",
                  "parentUUID": "db659b54-198b-416b-9126-2d1b24b46a22",
                  "isHook": false,
                  "skipped": false
                },
                {
                  "title": "Deve consultar os produtos da loja",
                  "fullTitle": "Terceiro fluxo para automação Logar com sucesso Deve consultar os produtos da loja",
                  "timedOut": null,
                  "duration": 507,
                  "state": "passed",
                  "speed": "fast",
                  "pass": true,
                  "fail": false,
                  "pending": false,
                  "context": null,
                  "code": "_serverest.default.buscarProdutos().then(resposta => {\n  cy.contractValidation(resposta, 'get-produtos', 200);\n  _validaServerest.default.validarBuscaDeProdutos(resposta);\n});",
                  "err": {},
                  "uuid": "bfe79268-702a-40ac-8308-e2f7cb206f72",
                  "parentUUID": "db659b54-198b-416b-9126-2d1b24b46a22",
                  "isHook": false,
                  "skipped": false
                },
                {
                  "title": "Deve cadastrar carrinho com sucesso",
                  "fullTitle": "Terceiro fluxo para automação Logar com sucesso Deve cadastrar carrinho com sucesso",
                  "timedOut": null,
                  "duration": 506,
                  "state": "passed",
                  "speed": "fast",
                  "pass": true,
                  "fail": false,
                  "pending": false,
                  "context": null,
                  "code": "_serverest.default.cadastroDeCarrinhoComSucesso().then(resposta => {\n  cy.contractValidation(resposta, 'post-carrinhos', 201);\n  _validaServerest.default.validarCadastroDeCarrinhoComSucesso(resposta);\n});",
                  "err": {},
                  "uuid": "584b81f1-4f4d-4860-9b4d-54f54a31a72a",
                  "parentUUID": "db659b54-198b-416b-9126-2d1b24b46a22",
                  "isHook": false,
                  "skipped": false
                },
                {
                  "title": "Deve buscar carrinho por _id sem sucesso",
                  "fullTitle": "Terceiro fluxo para automação Logar com sucesso Deve buscar carrinho por _id sem sucesso",
                  "timedOut": null,
                  "duration": 706,
                  "state": "failed",
                  "speed": null,
                  "pass": false,
                  "fail": true,
                  "pending": false,
                  "context": null,
                  "code": "_serverest.default.buscarCarrinhoPorIdSemSucesso();\ncy.get('@idCarrinho').then(resposta => {\n  cy.contractValidation(resposta, 'get-carrinhos-id', 400);\n  _validaServerest.default.validarBuscaDeCarrinhoPorIdComSucesso(resposta);\n});",
                  "err": {
                    "message": "Error: Erros encontrados na validação de contrato, por favor verifique: \n must be object, but receive undefined",
                    "estack": "Error: Erros encontrados na validação de contrato, por favor verifique: \n must be object, but receive undefined\n    at Context.eval (https://serverest.dev/__cypress/tests?p=cypress\\support\\index.js:227:13)",
                    "diff": null
                  },
                  "uuid": "a34ab8b8-dcb7-497a-9e24-c804957ef21a",
                  "parentUUID": "db659b54-198b-416b-9126-2d1b24b46a22",
                  "isHook": false,
                  "skipped": false
                },
                {
                  "title": "Deve buscar carrinho por _id com sucesso",
                  "fullTitle": "Terceiro fluxo para automação Logar com sucesso Deve buscar carrinho por _id com sucesso",
                  "timedOut": null,
                  "duration": 654,
                  "state": "failed",
                  "speed": null,
                  "pass": false,
                  "fail": true,
                  "pending": false,
                  "context": null,
                  "code": "_serverest.default.buscarCarrinhoPorId();\ncy.get('@idCarrinho').then(resposta => {\n  cy.contractValidation(resposta, 'get-carrinhos-id', 200);\n  _validaServerest.default.validarBuscaDeCarrinhoPorIdComSucesso(resposta);\n});",
                  "err": {
                    "message": "Error: Erros encontrados na validação de contrato, por favor verifique: \n must be object, but receive undefined",
                    "estack": "Error: Erros encontrados na validação de contrato, por favor verifique: \n must be object, but receive undefined\n    at Context.eval (https://serverest.dev/__cypress/tests?p=cypress\\support\\index.js:227:13)",
                    "diff": null
                  },
                  "uuid": "55e17aa1-063c-4da4-8e8a-1562b496a14a",
                  "parentUUID": "db659b54-198b-416b-9126-2d1b24b46a22",
                  "isHook": false,
                  "skipped": false
                },
                {
                  "title": "Deve cancelar compra com sucesso",
                  "fullTitle": "Terceiro fluxo para automação Logar com sucesso Deve cancelar compra com sucesso",
                  "timedOut": null,
                  "duration": 660,
                  "state": "failed",
                  "speed": null,
                  "pass": false,
                  "fail": true,
                  "pending": false,
                  "context": null,
                  "code": "_serverest.default.cancelarCompraComSucesso().then(resposta => {\n  cy.contractValidation(resposta, 'delete-carrinhos', 200);\n  _validaServerest.default.validarConclusaoDeComprasSucesso(resposta);\n});",
                  "err": {
                    "message": "AssertionError: expected 'Registro excluído com sucesso. Estoque dos produtos reabastecido' to equal 'Registro excluído com sucesso'",
                    "estack": "AssertionError: expected 'Registro excluído com sucesso. Estoque dos produtos reabastecido' to equal 'Registro excluído com sucesso'\n    at Function.validarConclusaoDeComprasSucesso (https://serverest.dev/__cypress/tests?p=cypress\\integration\\terceiroFluxo.spec.js:693:41)\n    at Context.eval (https://serverest.dev/__cypress/tests?p=cypress\\integration\\terceiroFluxo.spec.js:297:34)",
                    "diff": "- 'Registro excluído com sucesso. Estoque dos produtos reabastecido'\n+ 'Registro excluído com sucesso'\n"
                  },
                  "uuid": "e7b0d33b-54e0-4ec3-b1c4-119f1fb5f157",
                  "parentUUID": "db659b54-198b-416b-9126-2d1b24b46a22",
                  "isHook": false,
                  "skipped": false
                }
              ],
              "suites": [],
              "passes": [
                "bfe79268-702a-40ac-8308-e2f7cb206f72",
                "584b81f1-4f4d-4860-9b4d-54f54a31a72a"
              ],
              "failures": [
                "ee7013ae-5eb6-4667-a219-2853acb196dd",
                "529d79ed-3801-43e7-ab23-562eb54d2486",
                "a34ab8b8-dcb7-497a-9e24-c804957ef21a",
                "55e17aa1-063c-4da4-8e8a-1562b496a14a",
                "e7b0d33b-54e0-4ec3-b1c4-119f1fb5f157"
              ],
              "pending": [],
              "skipped": [],
              "duration": 4101,
              "root": false,
              "rootEmpty": false,
              "_timeout": 2000
            }
          ],
          "passes": [
            "504c6f3e-7b7f-41db-9ffc-f1c6c068b6c8"
          ],
          "failures": [
            "283d3e2a-8f1b-45f5-ac24-f410a1099163",
            "7e8b87a3-4c60-44f4-835e-5b21094e3292",
            "a61e0203-4494-4bc5-91c3-3c8d3e0c9821"
          ],
          "pending": [],
          "skipped": [],
          "duration": 1227,
          "root": false,
          "rootEmpty": false,
          "_timeout": 2000
        }
      ],
      "passes": [],
      "failures": [],
      "pending": [],
      "skipped": [],
      "duration": 0,
      "root": true,
      "rootEmpty": true,
      "_timeout": 2000
    }
  ],
  "meta": {
    "mocha": {
      "version": "7.0.1"
    },
    "mochawesome": {
      "options": {
        "quiet": false,
        "reportFilename": "mochawesome",
        "saveHtml": false,
        "saveJson": true,
        "consoleReporter": "spec",
        "useInlineDiffs": false,
        "code": true
      },
      "version": "7.1.3"
    },
    "marge": {
      "options": {
        "id": "default",
        "reportDir": "cypress/reports/mocha",
        "quite": true,
        "overwrite": false,
        "html": false,
        "json": true
      },
      "version": "6.2.0"
    }
  }
}