{
  "stats": {
    "suites": 2,
    "tests": 6,
    "passes": 4,
    "pending": 0,
    "failures": 2,
    "start": "2022-09-19T14:55:33.515Z",
    "end": "2022-09-19T14:55:36.903Z",
    "duration": 3388,
    "testsRegistered": 6,
    "passPercent": 66.66666666666666,
    "pendingPercent": 0,
    "other": 0,
    "hasOther": false,
    "skipped": 0,
    "hasSkipped": false
  },
  "results": [
    {
      "uuid": "0e5c895b-0fe7-47d2-b8c9-c0681ed97619",
      "title": "",
      "fullFile": "cypress/integration/primeiroFluxo.spec.js",
      "file": "cypress/integration/primeiroFluxo.spec.js",
      "beforeHooks": [],
      "afterHooks": [],
      "tests": [],
      "suites": [
        {
          "uuid": "4e11f101-73a3-4017-b7af-cdce09d5866a",
          "title": "Primeiro fluxo para automação",
          "fullFile": "",
          "file": "",
          "beforeHooks": [],
          "afterHooks": [],
          "tests": [
            {
              "title": "Cadastro de usuário com sucesso",
              "fullTitle": "Primeiro fluxo para automação Cadastro de usuário com sucesso",
              "timedOut": null,
              "duration": 407,
              "state": "passed",
              "speed": "fast",
              "pass": true,
              "fail": false,
              "pending": false,
              "context": null,
              "code": "_factory.default.gerarUsuario;\n_serverest.default.cadastrarUsuarioComSucesso().then(resposta => {\n  cy.contractValidation(resposta, 'post-usuarios', 201);\n  _validaServerest.default.validarCadastroDeProdutoComSucesso(resposta);\n});",
              "err": {},
              "uuid": "aa00d2be-f847-4109-babf-bc9947c54bff",
              "parentUUID": "4e11f101-73a3-4017-b7af-cdce09d5866a",
              "isHook": false,
              "skipped": false
            }
          ],
          "suites": [
            {
              "uuid": "73b0a815-4b41-43fa-9967-3e42bdcd66d8",
              "title": "Logar com sucesso",
              "fullFile": "",
              "file": "",
              "beforeHooks": [],
              "afterHooks": [],
              "tests": [
                {
                  "title": "Deve consultar os produtos da loja",
                  "fullTitle": "Primeiro fluxo para automação Logar com sucesso Deve consultar os produtos da loja",
                  "timedOut": null,
                  "duration": 525,
                  "state": "passed",
                  "speed": "fast",
                  "pass": true,
                  "fail": false,
                  "pending": false,
                  "context": null,
                  "code": "_serverest.default.buscarProdutos().then(resposta => {\n  cy.contractValidation(resposta, 'get-produtos', 200);\n  _validaServerest.default.validarBuscaDeProdutos(resposta);\n});",
                  "err": {},
                  "uuid": "eff0400c-be1b-4906-ae2d-adcdf7fad57f",
                  "parentUUID": "73b0a815-4b41-43fa-9967-3e42bdcd66d8",
                  "isHook": false,
                  "skipped": false
                },
                {
                  "title": "Deve buscar um produto pelo _id sem sucesso",
                  "fullTitle": "Primeiro fluxo para automação Logar com sucesso Deve buscar um produto pelo _id sem sucesso",
                  "timedOut": null,
                  "duration": 671,
                  "state": "failed",
                  "speed": null,
                  "pass": false,
                  "fail": true,
                  "pending": false,
                  "context": null,
                  "code": "_serverest.default.buscarProdutoPorIdSemSucesso();\ncy.get('@idProduto').then(resposta => {\n  cy.contractValidation(resposta, 'get-produtos-id', 400);\n  _validaServerest.default.validarBuscaDeProdutosPorIdSemSucesso(resposta);\n});",
                  "err": {
                    "message": "ReferenceError: _id is not defined",
                    "estack": "ReferenceError: _id is not defined\n    at Function.validarBuscaDeProdutosPorIdSemSucesso (https://serverest.dev/__cypress/tests?p=cypress\\integration\\primeiroFluxo.spec.js:645:52)\n    at Context.eval (https://serverest.dev/__cypress/tests?p=cypress\\integration\\primeiroFluxo.spec.js:234:34)",
                    "diff": null
                  },
                  "uuid": "dce11452-458d-4074-acf8-c32b47432983",
                  "parentUUID": "73b0a815-4b41-43fa-9967-3e42bdcd66d8",
                  "isHook": false,
                  "skipped": false
                },
                {
                  "title": "Deve buscar um produto pelo _id com sucesso",
                  "fullTitle": "Primeiro fluxo para automação Logar com sucesso Deve buscar um produto pelo _id com sucesso",
                  "timedOut": null,
                  "duration": 669,
                  "state": "failed",
                  "speed": null,
                  "pass": false,
                  "fail": true,
                  "pending": false,
                  "context": null,
                  "code": "_serverest.default.buscarProdutoPorId();\ncy.get('@idProduto').then(resposta => {\n  cy.contractValidation(resposta, 'get-produtos-id', 200);\n  _validaServerest.default.validarBuscaDeProdutosPorId(resposta);\n});",
                  "err": {
                    "message": "Error: Erros encontrados na validação de contrato, por favor verifique: \n must be object, but receive undefined",
                    "estack": "Error: Erros encontrados na validação de contrato, por favor verifique: \n must be object, but receive undefined\n    at Context.eval (https://serverest.dev/__cypress/tests?p=cypress\\support\\index.js:227:13)",
                    "diff": null
                  },
                  "uuid": "5608c21d-78e8-4b3e-b72f-1e304d8ee401",
                  "parentUUID": "73b0a815-4b41-43fa-9967-3e42bdcd66d8",
                  "isHook": false,
                  "skipped": false
                },
                {
                  "title": "Deve cadastrar carrinho com sucesso",
                  "fullTitle": "Primeiro fluxo para automação Logar com sucesso Deve cadastrar carrinho com sucesso",
                  "timedOut": null,
                  "duration": 535,
                  "state": "passed",
                  "speed": "fast",
                  "pass": true,
                  "fail": false,
                  "pending": false,
                  "context": null,
                  "code": "_serverest.default.cadastroDeCarrinhoComSucesso().then(resposta => {\n  cy.contractValidation(resposta, 'post-carrinhos', 201);\n  _validaServerest.default.validarCadastroDeCarrinhoComSucesso(resposta);\n});",
                  "err": {},
                  "uuid": "162a23ef-4e27-4e60-a23c-27b10a172086",
                  "parentUUID": "73b0a815-4b41-43fa-9967-3e42bdcd66d8",
                  "isHook": false,
                  "skipped": false
                },
                {
                  "title": "Deve concluir compra com sucesso",
                  "fullTitle": "Primeiro fluxo para automação Logar com sucesso Deve concluir compra com sucesso",
                  "timedOut": null,
                  "duration": 529,
                  "state": "passed",
                  "speed": "fast",
                  "pass": true,
                  "fail": false,
                  "pending": false,
                  "context": null,
                  "code": "_serverest.default.concluirCompra().then(resposta => {\n  cy.contractValidation(resposta, 'delete-carrinhos', 200);\n  _validaServerest.default.validarConclusaoDeComprasSucesso(resposta);\n});",
                  "err": {},
                  "uuid": "70076862-3d67-4e5e-8c0f-ce1174587891",
                  "parentUUID": "73b0a815-4b41-43fa-9967-3e42bdcd66d8",
                  "isHook": false,
                  "skipped": false
                }
              ],
              "suites": [],
              "passes": [
                "eff0400c-be1b-4906-ae2d-adcdf7fad57f",
                "162a23ef-4e27-4e60-a23c-27b10a172086",
                "70076862-3d67-4e5e-8c0f-ce1174587891"
              ],
              "failures": [
                "dce11452-458d-4074-acf8-c32b47432983",
                "5608c21d-78e8-4b3e-b72f-1e304d8ee401"
              ],
              "pending": [],
              "skipped": [],
              "duration": 2929,
              "root": false,
              "rootEmpty": false,
              "_timeout": 2000
            }
          ],
          "passes": [
            "aa00d2be-f847-4109-babf-bc9947c54bff"
          ],
          "failures": [],
          "pending": [],
          "skipped": [],
          "duration": 407,
          "root": false,
          "rootEmpty": false,
          "_timeout": 2000
        }
      ],
      "passes": [],
      "failures": [],
      "pending": [],
      "skipped": [],
      "duration": 0,
      "root": true,
      "rootEmpty": true,
      "_timeout": 2000
    }
  ],
  "meta": {
    "mocha": {
      "version": "7.0.1"
    },
    "mochawesome": {
      "options": {
        "quiet": false,
        "reportFilename": "mochawesome",
        "saveHtml": false,
        "saveJson": true,
        "consoleReporter": "spec",
        "useInlineDiffs": false,
        "code": true
      },
      "version": "7.1.3"
    },
    "marge": {
      "options": {
        "id": "default",
        "reportDir": "cypress/reports/mocha",
        "quite": true,
        "overwrite": false,
        "html": false,
        "json": true
      },
      "version": "6.2.0"
    }
  }
}