{
  "stats": {
    "suites": 3,
    "tests": 11,
    "passes": 10,
    "pending": 0,
    "failures": 1,
    "start": "2022-09-27T20:08:34.300Z",
    "end": "2022-09-27T20:08:41.222Z",
    "duration": 6922,
    "testsRegistered": 11,
    "passPercent": 90.9090909090909,
    "pendingPercent": 0,
    "other": 0,
    "hasOther": false,
    "skipped": 0,
    "hasSkipped": false
  },
  "results": [
    {
      "uuid": "194b3af0-c363-4f84-8d5d-bc3f1baf7fe6",
      "title": "",
      "fullFile": "cypress/integration/carrinhos.spec.js",
      "file": "cypress/integration/carrinhos.spec.js",
      "beforeHooks": [],
      "afterHooks": [],
      "tests": [],
      "suites": [
        {
          "uuid": "a700f888-9d93-4ed8-a454-063a2bfe810e",
          "title": "Testes para a rota carrinhos",
          "fullFile": "",
          "file": "",
          "beforeHooks": [],
          "afterHooks": [],
          "tests": [],
          "suites": [
            {
              "uuid": "c980500e-3a22-400c-85fe-ec3fa952919b",
              "title": "Logar com sucesso",
              "fullFile": "",
              "file": "",
              "beforeHooks": [],
              "afterHooks": [],
              "tests": [
                {
                  "title": "Deve consultar os carrinhos cadastrados",
                  "fullTitle": "Testes para a rota carrinhos Logar com sucesso Deve consultar os carrinhos cadastrados",
                  "timedOut": null,
                  "duration": 939,
                  "state": "passed",
                  "speed": "fast",
                  "pass": true,
                  "fail": false,
                  "pending": false,
                  "context": null,
                  "code": "_serverest.default.buscarCarrinhos();",
                  "err": {},
                  "uuid": "6ea53b26-ea19-4ebb-aea2-f1a9decc8d41",
                  "parentUUID": "c980500e-3a22-400c-85fe-ec3fa952919b",
                  "isHook": false,
                  "skipped": false
                },
                {
                  "title": "Deve tentar cadastrar carrinho sem token",
                  "fullTitle": "Testes para a rota carrinhos Logar com sucesso Deve tentar cadastrar carrinho sem token",
                  "timedOut": null,
                  "duration": 611,
                  "state": "passed",
                  "speed": "fast",
                  "pass": true,
                  "fail": false,
                  "pending": false,
                  "context": null,
                  "code": "_serverest.default.cadastroCarrinhoSemToken().then(resposta => {\n  cy.contractValidation(resposta, 'post-carrinhos', 401);\n  _validaServerest.default.validarCadastroDeCarrinhoSemToken(resposta);\n});",
                  "err": {},
                  "uuid": "b13655e2-3e26-4445-8944-31da31d6287c",
                  "parentUUID": "c980500e-3a22-400c-85fe-ec3fa952919b",
                  "isHook": false,
                  "skipped": false
                },
                {
                  "title": "Deve cadastrar carrinho com sucesso",
                  "fullTitle": "Testes para a rota carrinhos Logar com sucesso Deve cadastrar carrinho com sucesso",
                  "timedOut": null,
                  "duration": 570,
                  "state": "passed",
                  "speed": "fast",
                  "pass": true,
                  "fail": false,
                  "pending": false,
                  "context": null,
                  "code": "_serverest.default.cadastroDeCarrinhoComSucesso().then(resposta => {\n  cy.contractValidation(resposta, 'post-carrinhos', 201);\n  _validaServerest.default.validarCadastroDeCarrinhoComSucesso(resposta);\n});",
                  "err": {},
                  "uuid": "6688d8cf-9ac5-43cc-b952-bf392390c82b",
                  "parentUUID": "c980500e-3a22-400c-85fe-ec3fa952919b",
                  "isHook": false,
                  "skipped": false
                },
                {
                  "title": "Deve cadastrar carrinho com produto inexistente",
                  "fullTitle": "Testes para a rota carrinhos Logar com sucesso Deve cadastrar carrinho com produto inexistente",
                  "timedOut": null,
                  "duration": 574,
                  "state": "passed",
                  "speed": "fast",
                  "pass": true,
                  "fail": false,
                  "pending": false,
                  "context": null,
                  "code": "_serverest.default.cadastroDeCarrinhoComProdutoInexistente().then(resposta => {\n  cy.contractValidation(resposta, 'post-carrinhos', 400);\n  _validaServerest.default.validarCadastroCarrinhoProdutoInexistente(resposta);\n});",
                  "err": {},
                  "uuid": "e9b43d28-8447-4cb3-b91d-f1f5f744433d",
                  "parentUUID": "c980500e-3a22-400c-85fe-ec3fa952919b",
                  "isHook": false,
                  "skipped": false
                },
                {
                  "title": "Deve buscar carrinho pelo _id sem sucesso",
                  "fullTitle": "Testes para a rota carrinhos Logar com sucesso Deve buscar carrinho pelo _id sem sucesso",
                  "timedOut": null,
                  "duration": 562,
                  "state": "passed",
                  "speed": "fast",
                  "pass": true,
                  "fail": false,
                  "pending": false,
                  "context": null,
                  "code": "_serverest.default.buscarCarrinhoIdSemSucesso().then(resposta => {\n  cy.contractValidation(resposta, 'get-carrinhos-id', 400);\n  _validaServerest.default.validarBuscaDeCarrinhoPorIdSemSucesso(resposta);\n});",
                  "err": {},
                  "uuid": "5762926c-da69-4745-912a-ed492f1ab6e4",
                  "parentUUID": "c980500e-3a22-400c-85fe-ec3fa952919b",
                  "isHook": false,
                  "skipped": false
                },
                {
                  "title": "Deve buscar carrinho pelo _id com sucesso",
                  "fullTitle": "Testes para a rota carrinhos Logar com sucesso Deve buscar carrinho pelo _id com sucesso",
                  "timedOut": null,
                  "duration": 571,
                  "state": "passed",
                  "speed": "fast",
                  "pass": true,
                  "fail": false,
                  "pending": false,
                  "context": null,
                  "code": "_serverest.default.buscarCarrinhoId().then(resposta => {\n  cy.contractValidation(resposta, 'get-carrinhos-id', 200);\n  _validaServerest.default.validarBuscaDeCarrinhoPorIdComSucesso(resposta);\n});",
                  "err": {},
                  "uuid": "cdc101d0-651e-4038-a616-6f0405954352",
                  "parentUUID": "c980500e-3a22-400c-85fe-ec3fa952919b",
                  "isHook": false,
                  "skipped": false
                },
                {
                  "title": "Deve cancelar compra sem sucesso",
                  "fullTitle": "Testes para a rota carrinhos Logar com sucesso Deve cancelar compra sem sucesso",
                  "timedOut": null,
                  "duration": 561,
                  "state": "passed",
                  "speed": "fast",
                  "pass": true,
                  "fail": false,
                  "pending": false,
                  "context": null,
                  "code": "_serverest.default.cancelarCompraSemSucesso().then(resposta => {\n  cy.contractValidation(resposta, 'delete-carrinhos', 401);\n  _validaServerest.default.validarConclusaoDeComprasSemSucesso(resposta);\n});",
                  "err": {},
                  "uuid": "3f17d020-f0db-4994-a77f-d01fff582b64",
                  "parentUUID": "c980500e-3a22-400c-85fe-ec3fa952919b",
                  "isHook": false,
                  "skipped": false
                },
                {
                  "title": "Deve cancelar compra com sucesso",
                  "fullTitle": "Testes para a rota carrinhos Logar com sucesso Deve cancelar compra com sucesso",
                  "timedOut": null,
                  "duration": 766,
                  "state": "failed",
                  "speed": null,
                  "pass": false,
                  "fail": true,
                  "pending": false,
                  "context": null,
                  "code": "_serverest.default.cancelarCompraComSucesso().then(resposta => {\n  cy.contractValidation(resposta, 'delete-carrinhos', 200);\n  _validaServerest.default.validarConclusaoDeComprasSucesso(resposta);\n});",
                  "err": {
                    "message": "AssertionError: expected 'Registro excluído com sucesso. Estoque dos produtos reabastecido' to equal 'Registro excluído com sucesso'",
                    "estack": "AssertionError: expected 'Registro excluído com sucesso. Estoque dos produtos reabastecido' to equal 'Registro excluído com sucesso'\n    at Function.validarConclusaoDeComprasSucesso (https://serverest.dev/__cypress/tests?p=cypress\\integration\\carrinhos.spec.js:959:41)\n    at Context.eval (https://serverest.dev/__cypress/tests?p=cypress\\integration\\carrinhos.spec.js:284:34)",
                    "diff": "- 'Registro excluído com sucesso. Estoque dos produtos reabastecido'\n+ 'Registro excluído com sucesso'\n"
                  },
                  "uuid": "78779922-1ea9-4ab0-93a0-b11f75cf474d",
                  "parentUUID": "c980500e-3a22-400c-85fe-ec3fa952919b",
                  "isHook": false,
                  "skipped": false
                }
              ],
              "suites": [],
              "passes": [
                "6ea53b26-ea19-4ebb-aea2-f1a9decc8d41",
                "b13655e2-3e26-4445-8944-31da31d6287c",
                "6688d8cf-9ac5-43cc-b952-bf392390c82b",
                "e9b43d28-8447-4cb3-b91d-f1f5f744433d",
                "5762926c-da69-4745-912a-ed492f1ab6e4",
                "cdc101d0-651e-4038-a616-6f0405954352",
                "3f17d020-f0db-4994-a77f-d01fff582b64"
              ],
              "failures": [
                "78779922-1ea9-4ab0-93a0-b11f75cf474d"
              ],
              "pending": [],
              "skipped": [],
              "duration": 5154,
              "root": false,
              "rootEmpty": false,
              "_timeout": 2000
            },
            {
              "uuid": "0217c9e9-8778-4a75-b9db-9662f321349c",
              "title": "Logar com sucesso pela segunda vez",
              "fullFile": "",
              "file": "",
              "beforeHooks": [],
              "afterHooks": [],
              "tests": [
                {
                  "title": "Deve concluir compra sem sucesso",
                  "fullTitle": "Testes para a rota carrinhos Logar com sucesso pela segunda vez Deve concluir compra sem sucesso",
                  "timedOut": null,
                  "duration": 563,
                  "state": "passed",
                  "speed": "fast",
                  "pass": true,
                  "fail": false,
                  "pending": false,
                  "context": null,
                  "code": "_serverest.default.concluirCompraSemSucesso().then(resposta => {\n  cy.contractValidation(resposta, 'delete-carrinhos', 401);\n  _validaServerest.default.validarConclusaoDeComprasSemSucesso(resposta);\n});",
                  "err": {},
                  "uuid": "49ba4f77-8db2-4003-9394-31596467ce9c",
                  "parentUUID": "0217c9e9-8778-4a75-b9db-9662f321349c",
                  "isHook": false,
                  "skipped": false
                },
                {
                  "title": "Deve cadastrar carrinho com sucesso",
                  "fullTitle": "Testes para a rota carrinhos Logar com sucesso pela segunda vez Deve cadastrar carrinho com sucesso",
                  "timedOut": null,
                  "duration": 555,
                  "state": "passed",
                  "speed": "fast",
                  "pass": true,
                  "fail": false,
                  "pending": false,
                  "context": null,
                  "code": "_serverest.default.cadastroDeCarrinhoComSucesso().then(resposta => {\n  cy.contractValidation(resposta, 'post-carrinhos', 201);\n  _validaServerest.default.validarCadastroDeCarrinhoComSucesso(resposta);\n});",
                  "err": {},
                  "uuid": "b6381876-55a1-4572-b17f-a777a4fd7757",
                  "parentUUID": "0217c9e9-8778-4a75-b9db-9662f321349c",
                  "isHook": false,
                  "skipped": false
                },
                {
                  "title": "Deve concluir compra com sucesso",
                  "fullTitle": "Testes para a rota carrinhos Logar com sucesso pela segunda vez Deve concluir compra com sucesso",
                  "timedOut": null,
                  "duration": 563,
                  "state": "passed",
                  "speed": "fast",
                  "pass": true,
                  "fail": false,
                  "pending": false,
                  "context": null,
                  "code": "_serverest.default.concluirCompra().then(resposta => {\n  cy.contractValidation(resposta, 'delete-carrinhos', 200);\n  _validaServerest.default.validarConclusaoDeComprasSucesso(resposta);\n});",
                  "err": {},
                  "uuid": "0e3b6747-25db-4274-998a-9c10fd9b1473",
                  "parentUUID": "0217c9e9-8778-4a75-b9db-9662f321349c",
                  "isHook": false,
                  "skipped": false
                }
              ],
              "suites": [],
              "passes": [
                "49ba4f77-8db2-4003-9394-31596467ce9c",
                "b6381876-55a1-4572-b17f-a777a4fd7757",
                "0e3b6747-25db-4274-998a-9c10fd9b1473"
              ],
              "failures": [],
              "pending": [],
              "skipped": [],
              "duration": 1681,
              "root": false,
              "rootEmpty": false,
              "_timeout": 2000
            }
          ],
          "passes": [],
          "failures": [],
          "pending": [],
          "skipped": [],
          "duration": 0,
          "root": false,
          "rootEmpty": false,
          "_timeout": 2000
        }
      ],
      "passes": [],
      "failures": [],
      "pending": [],
      "skipped": [],
      "duration": 0,
      "root": true,
      "rootEmpty": true,
      "_timeout": 2000
    }
  ],
  "meta": {
    "mocha": {
      "version": "7.0.1"
    },
    "mochawesome": {
      "options": {
        "quiet": false,
        "reportFilename": "mochawesome",
        "saveHtml": false,
        "saveJson": true,
        "consoleReporter": "spec",
        "useInlineDiffs": false,
        "code": true
      },
      "version": "7.1.3"
    },
    "marge": {
      "options": {
        "id": "default",
        "reportDir": "cypress/reports/mocha",
        "quite": true,
        "overwrite": false,
        "html": false,
        "json": true
      },
      "version": "6.2.0"
    }
  }
}