{
  "stats": {
    "suites": 3,
    "tests": 23,
    "passes": 15,
    "pending": 0,
    "failures": 8,
    "start": "2022-09-16T15:36:32.555Z",
    "end": "2022-09-16T15:36:50.956Z",
    "duration": 7173,
    "testsRegistered": 23,
    "passPercent": 65.21739130434783,
    "pendingPercent": 0,
    "other": 0,
    "hasOther": false,
    "skipped": 0,
    "hasSkipped": false
  },
  "results": [
    {
      "uuid": "9ba1e875-fc59-4b4b-8fa2-0a04f2927ce9",
      "title": "",
      "fullFile": "cypress/integration/segundoFluxo.spec.js",
      "file": "cypress/integration/segundoFluxo.spec.js",
      "beforeHooks": [],
      "afterHooks": [],
      "tests": [],
      "suites": [
        {
          "uuid": "0b4b0e6d-b826-41cc-8e4a-efb0b310b25c",
          "title": "Casos de teste do fluxo 2",
          "fullFile": "",
          "file": "",
          "beforeHooks": [],
          "afterHooks": [],
          "tests": [
            {
              "title": "Cadastro de usuário com sucesso",
              "fullTitle": "Casos de teste do fluxo 2 Cadastro de usuário com sucesso",
              "timedOut": null,
              "duration": 243,
              "state": "passed",
              "speed": "fast",
              "pass": true,
              "fail": false,
              "pending": false,
              "context": null,
              "code": "_factory.default.gerarUsuario;\n_serverest.default.cadastrarUsuarioComSucesso().then(resposta => {\n  cy.contractValidation(resposta, 'post-usuarios', 201);\n  _validaServerest.default.validarCadastroDeProdutoComSucesso(resposta);\n});",
              "err": {},
              "uuid": "b59caebd-88ce-4db3-af97-55908d710143",
              "parentUUID": "0b4b0e6d-b826-41cc-8e4a-efb0b310b25c",
              "isHook": false,
              "skipped": false
            },
            {
              "title": "Tentativa de cadastro com email já utilizado",
              "fullTitle": "Casos de teste do fluxo 2 Tentativa de cadastro com email já utilizado",
              "timedOut": null,
              "duration": 180,
              "state": "passed",
              "speed": "fast",
              "pass": true,
              "fail": false,
              "pending": false,
              "context": null,
              "code": "_serverest.default.cadastrarUsuarioSemSucesso().then(resposta => {\n  cy.contractValidation(resposta, 'post-usuarios', 400);\n  _validaServerest.default.validarCadastroUsuarioSemSucesso(resposta);\n});",
              "err": {},
              "uuid": "647341ca-03b4-47ed-9aab-4e3acfea462c",
              "parentUUID": "0b4b0e6d-b826-41cc-8e4a-efb0b310b25c",
              "isHook": false,
              "skipped": false
            },
            {
              "title": "Tentativa de cadastro com email inválido",
              "fullTitle": "Casos de teste do fluxo 2 Tentativa de cadastro com email inválido",
              "timedOut": null,
              "duration": 351,
              "state": "failed",
              "speed": null,
              "pass": false,
              "fail": true,
              "pending": false,
              "context": null,
              "code": "_serverest.default.cadastroUsuarioEmailInvalido().then(resposta => {\n  cy.contractValidation(resposta, 'post-usuarios', 400);\n  _validaServerest.default.validarCadastroUsuarioEmailInvalido(resposta);\n});",
              "err": {
                "message": "AssertionError: expected undefined to equal 'Email deve ser um email válido'",
                "estack": "AssertionError: expected undefined to equal 'Email deve ser um email válido'\n    at Function.validarCadastroUsuarioEmailInvalido (https://serverest.dev/__cypress/tests?p=cypress\\integration\\segundoFluxo.spec.js:521:41)\n    at Context.eval (https://serverest.dev/__cypress/tests?p=cypress\\integration\\segundoFluxo.spec.js:211:32)",
                "diff": null
              },
              "uuid": "e993f8f2-a8e3-4b7d-9b84-994bff66cc2c",
              "parentUUID": "0b4b0e6d-b826-41cc-8e4a-efb0b310b25c",
              "isHook": false,
              "skipped": false
            },
            {
              "title": "Tentativa de cadastro com senha inválida",
              "fullTitle": "Casos de teste do fluxo 2 Tentativa de cadastro com senha inválida",
              "timedOut": null,
              "duration": 320,
              "state": "failed",
              "speed": null,
              "pass": false,
              "fail": true,
              "pending": false,
              "context": null,
              "code": "_serverest.default.cadastroUsuarioSenhaInvalida().then(resposta => {\n  cy.contractValidation(resposta, 'post-usuarios', 400);\n  _validaServerest.default.validarCadastroUsuarioSenhaInvalida(resposta);\n});",
              "err": {
                "message": "AssertionError: expected 'Cadastro realizado com sucesso' to equal 'Senha deve conter no mínimo 4 caracteres'",
                "estack": "AssertionError: expected 'Cadastro realizado com sucesso' to equal 'Senha deve conter no mínimo 4 caracteres'\n    at Function.validarCadastroUsuarioSenhaInvalida (https://serverest.dev/__cypress/tests?p=cypress\\integration\\segundoFluxo.spec.js:525:41)\n    at Context.eval (https://serverest.dev/__cypress/tests?p=cypress\\integration\\segundoFluxo.spec.js:218:32)",
                "diff": "- 'Cadastro realizado com sucesso'\n+ 'Senha deve conter no mínimo 4 caracteres'\n"
              },
              "uuid": "4d56c963-c031-4a7a-836f-8fb62e3459fd",
              "parentUUID": "0b4b0e6d-b826-41cc-8e4a-efb0b310b25c",
              "isHook": false,
              "skipped": false
            },
            {
              "title": "Tentativa de cadastro com nome inválido",
              "fullTitle": "Casos de teste do fluxo 2 Tentativa de cadastro com nome inválido",
              "timedOut": null,
              "duration": 361,
              "state": "failed",
              "speed": null,
              "pass": false,
              "fail": true,
              "pending": false,
              "context": null,
              "code": "_serverest.default.cadastroUsuarioNomeInvalido().then(resposta => {\n  cy.contractValidation(resposta, 'post-usuarios', 400);\n  _validaServerest.default.validarCadastroUsuarioNomeInvalido(resposta);\n});",
              "err": {
                "message": "AssertionError: expected 'Este email já está sendo usado' to equal 'Nome inválido, tente novamente'",
                "estack": "AssertionError: expected 'Este email já está sendo usado' to equal 'Nome inválido, tente novamente'\n    at Function.validarCadastroUsuarioNomeInvalido (https://serverest.dev/__cypress/tests?p=cypress\\integration\\segundoFluxo.spec.js:529:41)\n    at Context.eval (https://serverest.dev/__cypress/tests?p=cypress\\integration\\segundoFluxo.spec.js:225:32)",
                "diff": "- 'Este email já está sendo usado'\n+ 'Nome inválido, tente novamente'\n"
              },
              "uuid": "881aa798-11c0-4cdd-a02b-ba79856d5efa",
              "parentUUID": "0b4b0e6d-b826-41cc-8e4a-efb0b310b25c",
              "isHook": false,
              "skipped": false
            },
            {
              "title": "Deve consultar os produtos da loja",
              "fullTitle": "Casos de teste do fluxo 2 Deve consultar os produtos da loja",
              "timedOut": null,
              "duration": 173,
              "state": "passed",
              "speed": "fast",
              "pass": true,
              "fail": false,
              "pending": false,
              "context": null,
              "code": "_serverest.default.buscarProdutos().then(resposta => {\n  cy.contractValidation(resposta, 'get-produtos', 200);\n  _validaServerest.default.validarBuscaDeProdutos(resposta);\n});",
              "err": {},
              "uuid": "175c2d4a-d29b-4fb7-aaca-e4428f824819",
              "parentUUID": "0b4b0e6d-b826-41cc-8e4a-efb0b310b25c",
              "isHook": false,
              "skipped": false
            },
            {
              "title": "Logar sem sucesso",
              "fullTitle": "Casos de teste do fluxo 2 Logar sem sucesso",
              "timedOut": null,
              "duration": 165,
              "state": "passed",
              "speed": "fast",
              "pass": true,
              "fail": false,
              "pending": false,
              "context": null,
              "code": "_serverest.default.logarSemSucesso().then(resposta => {\n  cy.contractValidation(resposta, 'post-login', 400);\n  _validaServerest.default.validarLoginSemSucesso(resposta);\n});",
              "err": {},
              "uuid": "4ec96592-17c6-48df-ad56-05811a91861e",
              "parentUUID": "0b4b0e6d-b826-41cc-8e4a-efb0b310b25c",
              "isHook": false,
              "skipped": false
            },
            {
              "title": "Tentativa de conclusão de compra",
              "fullTitle": "Casos de teste do fluxo 2 Tentativa de conclusão de compra",
              "timedOut": null,
              "duration": 166,
              "state": "passed",
              "speed": "fast",
              "pass": true,
              "fail": false,
              "pending": false,
              "context": null,
              "code": "_serverest.default.conclusaoCompra().then(resposta => {\n  cy.contractValidation(resposta, 'delete-carrinhos', 401);\n  _validaServerest.default.validarConclusaoDeComprasSemSucesso(resposta);\n});",
              "err": {},
              "uuid": "d51d7e66-d01f-4a9f-ac3b-fd19f84f8165",
              "parentUUID": "0b4b0e6d-b826-41cc-8e4a-efb0b310b25c",
              "isHook": false,
              "skipped": false
            }
          ],
          "suites": [
            {
              "uuid": "1d920941-7d9b-4efd-a120-34f9485d6f80",
              "title": "Logar com sucesso",
              "fullFile": "",
              "file": "",
              "beforeHooks": [],
              "afterHooks": [],
              "tests": [
                {
                  "title": "Deve concluir compra com sucesso",
                  "fullTitle": "Casos de teste do fluxo 2 Logar com sucesso Deve concluir compra com sucesso",
                  "timedOut": null,
                  "duration": 526,
                  "state": "passed",
                  "speed": "fast",
                  "pass": true,
                  "fail": false,
                  "pending": false,
                  "context": null,
                  "code": "_serverest.default.concluirCompra().then(resposta => {\n  cy.contractValidation(resposta, 'delete-carrinhos', 200);\n  _validaServerest.default.validarConclusaoDeComprasSucesso(resposta);\n});",
                  "err": {},
                  "uuid": "e8b17216-a06b-4733-9d21-ce60fe47f93e",
                  "parentUUID": "1d920941-7d9b-4efd-a120-34f9485d6f80",
                  "isHook": false,
                  "skipped": false
                }
              ],
              "suites": [],
              "passes": [
                "e8b17216-a06b-4733-9d21-ce60fe47f93e"
              ],
              "failures": [],
              "pending": [],
              "skipped": [],
              "duration": 526,
              "root": false,
              "rootEmpty": false,
              "_timeout": 2000
            }
          ],
          "passes": [
            "b59caebd-88ce-4db3-af97-55908d710143",
            "647341ca-03b4-47ed-9aab-4e3acfea462c",
            "175c2d4a-d29b-4fb7-aaca-e4428f824819",
            "4ec96592-17c6-48df-ad56-05811a91861e",
            "d51d7e66-d01f-4a9f-ac3b-fd19f84f8165"
          ],
          "failures": [
            "e993f8f2-a8e3-4b7d-9b84-994bff66cc2c",
            "4d56c963-c031-4a7a-836f-8fb62e3459fd",
            "881aa798-11c0-4cdd-a02b-ba79856d5efa"
          ],
          "pending": [],
          "skipped": [],
          "duration": 1959,
          "root": false,
          "rootEmpty": false,
          "_timeout": 2000
        }
      ],
      "passes": [],
      "failures": [],
      "pending": [],
      "skipped": [],
      "duration": 0,
      "root": true,
      "rootEmpty": true,
      "_timeout": 2000
    },
    {
      "uuid": "2443de65-2958-4b9a-9756-ebb9d25fd72a",
      "title": "",
      "fullFile": "cypress/integration/terceiroFluxo.spec.js",
      "file": "cypress/integration/terceiroFluxo.spec.js",
      "beforeHooks": [],
      "afterHooks": [],
      "tests": [],
      "suites": [
        {
          "uuid": "177f4a75-2a70-4a7f-9a8e-dde2ad254610",
          "title": "Casos de teste do fluxo 3",
          "fullFile": "",
          "file": "",
          "beforeHooks": [],
          "afterHooks": [],
          "tests": [
            {
              "title": "Cadastro de usuário com sucesso",
              "fullTitle": "Casos de teste do fluxo 3 Cadastro de usuário com sucesso",
              "timedOut": null,
              "duration": 230,
              "state": "passed",
              "speed": "fast",
              "pass": true,
              "fail": false,
              "pending": false,
              "context": null,
              "code": "_factory.default.gerarUsuario;\n_serverest.default.cadastrarUsuarioComSucesso().then(resposta => {\n  cy.contractValidation(resposta, 'post-usuarios', 201);\n  _validaServerest.default.validarCadastroDeProdutoComSucesso(resposta);\n});",
              "err": {},
              "uuid": "18fdb75e-bafc-4a42-a7cd-d8252ec2fdc0",
              "parentUUID": "177f4a75-2a70-4a7f-9a8e-dde2ad254610",
              "isHook": false,
              "skipped": false
            },
            {
              "title": "Tentativa de cadastro com email já utilizado",
              "fullTitle": "Casos de teste do fluxo 3 Tentativa de cadastro com email já utilizado",
              "timedOut": null,
              "duration": 194,
              "state": "passed",
              "speed": "fast",
              "pass": true,
              "fail": false,
              "pending": false,
              "context": null,
              "code": "_serverest.default.cadastrarUsuarioSemSucesso().then(resposta => {\n  cy.contractValidation(resposta, 'post-usuarios', 400);\n  _validaServerest.default.validarCadastroUsuarioSemSucesso(resposta);\n});",
              "err": {},
              "uuid": "c3b1d685-4cdb-4f15-9f32-844f54ed48f0",
              "parentUUID": "177f4a75-2a70-4a7f-9a8e-dde2ad254610",
              "isHook": false,
              "skipped": false
            },
            {
              "title": "Tentativa de cadastro com email inválido",
              "fullTitle": "Casos de teste do fluxo 3 Tentativa de cadastro com email inválido",
              "timedOut": null,
              "duration": 354,
              "state": "failed",
              "speed": null,
              "pass": false,
              "fail": true,
              "pending": false,
              "context": null,
              "code": "_serverest.default.cadastroUsuarioEmailInvalido().then(resposta => {\n  cy.contractValidation(resposta, 'post-usuarios', 400);\n  _validaServerest.default.validarCadastroUsuarioEmailInvalido(resposta);\n});",
              "err": {
                "message": "AssertionError: expected undefined to equal 'Email deve ser um email válido'",
                "estack": "AssertionError: expected undefined to equal 'Email deve ser um email válido'\n    at Function.validarCadastroUsuarioEmailInvalido (https://serverest.dev/__cypress/tests?p=cypress\\integration\\terceiroFluxo.spec.js:520:41)\n    at Context.eval (https://serverest.dev/__cypress/tests?p=cypress\\integration\\terceiroFluxo.spec.js:209:32)",
                "diff": null
              },
              "uuid": "4e7e538e-49b2-48a3-92fe-8439d81367ee",
              "parentUUID": "177f4a75-2a70-4a7f-9a8e-dde2ad254610",
              "isHook": false,
              "skipped": false
            },
            {
              "title": "Tentativa de cadastro com senha inválida",
              "fullTitle": "Casos de teste do fluxo 3 Tentativa de cadastro com senha inválida",
              "timedOut": null,
              "duration": 336,
              "state": "failed",
              "speed": null,
              "pass": false,
              "fail": true,
              "pending": false,
              "context": null,
              "code": "_serverest.default.cadastroUsuarioSenhaInvalida().then(resposta => {\n  cy.contractValidation(resposta, 'post-usuarios', 400);\n  _validaServerest.default.validarCadastroUsuarioSenhaInvalida(resposta);\n});",
              "err": {
                "message": "AssertionError: expected 'Este email já está sendo usado' to equal 'Senha deve conter no mínimo 4 caracteres'",
                "estack": "AssertionError: expected 'Este email já está sendo usado' to equal 'Senha deve conter no mínimo 4 caracteres'\n    at Function.validarCadastroUsuarioSenhaInvalida (https://serverest.dev/__cypress/tests?p=cypress\\integration\\terceiroFluxo.spec.js:524:41)\n    at Context.eval (https://serverest.dev/__cypress/tests?p=cypress\\integration\\terceiroFluxo.spec.js:216:32)",
                "diff": "- 'Este email já está sendo usado'\n+ 'Senha deve conter no mínimo 4 caracteres'\n"
              },
              "uuid": "0960ab98-7818-48a5-a3ae-62e97076326b",
              "parentUUID": "177f4a75-2a70-4a7f-9a8e-dde2ad254610",
              "isHook": false,
              "skipped": false
            },
            {
              "title": "Tentativa de cadastro com nome inválido",
              "fullTitle": "Casos de teste do fluxo 3 Tentativa de cadastro com nome inválido",
              "timedOut": null,
              "duration": 312,
              "state": "failed",
              "speed": null,
              "pass": false,
              "fail": true,
              "pending": false,
              "context": null,
              "code": "_serverest.default.cadastroUsuarioNomeInvalido().then(resposta => {\n  cy.contractValidation(resposta, 'post-usuarios', 400);\n  _validaServerest.default.validarCadastroUsuarioNomeInvalido(resposta);\n});",
              "err": {
                "message": "AssertionError: expected 'Este email já está sendo usado' to equal 'Nome inválido, tente novamente'",
                "estack": "AssertionError: expected 'Este email já está sendo usado' to equal 'Nome inválido, tente novamente'\n    at Function.validarCadastroUsuarioNomeInvalido (https://serverest.dev/__cypress/tests?p=cypress\\integration\\terceiroFluxo.spec.js:528:41)\n    at Context.eval (https://serverest.dev/__cypress/tests?p=cypress\\integration\\terceiroFluxo.spec.js:223:32)",
                "diff": "- 'Este email já está sendo usado'\n+ 'Nome inválido, tente novamente'\n"
              },
              "uuid": "443f7042-3615-4fe3-9a53-dd7ab7e8416b",
              "parentUUID": "177f4a75-2a70-4a7f-9a8e-dde2ad254610",
              "isHook": false,
              "skipped": false
            },
            {
              "title": "Deve consultar os produtos da loja",
              "fullTitle": "Casos de teste do fluxo 3 Deve consultar os produtos da loja",
              "timedOut": null,
              "duration": 196,
              "state": "passed",
              "speed": "fast",
              "pass": true,
              "fail": false,
              "pending": false,
              "context": null,
              "code": "_serverest.default.buscarProdutos().then(resposta => {\n  cy.contractValidation(resposta, 'get-produtos', 200);\n  _validaServerest.default.validarBuscaDeProdutos(resposta);\n});",
              "err": {},
              "uuid": "818ab3ef-f49f-4a3f-ac3c-956fdcf18994",
              "parentUUID": "177f4a75-2a70-4a7f-9a8e-dde2ad254610",
              "isHook": false,
              "skipped": false
            },
            {
              "title": "Logar sem sucesso",
              "fullTitle": "Casos de teste do fluxo 3 Logar sem sucesso",
              "timedOut": null,
              "duration": 182,
              "state": "passed",
              "speed": "fast",
              "pass": true,
              "fail": false,
              "pending": false,
              "context": null,
              "code": "_serverest.default.logarSemSucesso().then(resposta => {\n  cy.contractValidation(resposta, 'post-login', 400);\n  _validaServerest.default.validarLoginSemSucesso(resposta);\n});",
              "err": {},
              "uuid": "064a79fd-feb9-498f-9526-cb6bc7068f0f",
              "parentUUID": "177f4a75-2a70-4a7f-9a8e-dde2ad254610",
              "isHook": false,
              "skipped": false
            },
            {
              "title": "Tentativa de conclusão de compra",
              "fullTitle": "Casos de teste do fluxo 3 Tentativa de conclusão de compra",
              "timedOut": null,
              "duration": 183,
              "state": "passed",
              "speed": "fast",
              "pass": true,
              "fail": false,
              "pending": false,
              "context": null,
              "code": "_serverest.default.conclusaoCompra().then(resposta => {\n  cy.contractValidation(resposta, 'delete-carrinhos', 401);\n  _validaServerest.default.validarConclusaoDeComprasSemSucesso(resposta);\n});",
              "err": {},
              "uuid": "c263d9aa-123f-4ffd-92f9-4e49abfdc4ef",
              "parentUUID": "177f4a75-2a70-4a7f-9a8e-dde2ad254610",
              "isHook": false,
              "skipped": false
            }
          ],
          "suites": [
            {
              "uuid": "661b4015-e3af-480e-b4d2-8db803d6910d",
              "title": "Logar com sucesso",
              "fullFile": "",
              "file": "",
              "beforeHooks": [],
              "afterHooks": [],
              "tests": [
                {
                  "title": "Deve editar uma informação do usuário",
                  "fullTitle": "Casos de teste do fluxo 3 Logar com sucesso Deve editar uma informação do usuário",
                  "timedOut": null,
                  "duration": 369,
                  "state": "passed",
                  "speed": "fast",
                  "pass": true,
                  "fail": false,
                  "pending": false,
                  "context": null,
                  "code": "",
                  "err": {},
                  "uuid": "4be21c81-eff1-443b-bf6b-6b293b535d8f",
                  "parentUUID": "661b4015-e3af-480e-b4d2-8db803d6910d",
                  "isHook": false,
                  "skipped": false
                },
                {
                  "title": "Deve concluir compra com sucesso",
                  "fullTitle": "Casos de teste do fluxo 3 Logar com sucesso Deve concluir compra com sucesso",
                  "timedOut": null,
                  "duration": 514,
                  "state": "passed",
                  "speed": "fast",
                  "pass": true,
                  "fail": false,
                  "pending": false,
                  "context": null,
                  "code": "_serverest.default.concluirCompra().then(resposta => {\n  cy.contractValidation(resposta, 'delete-carrinhos', 200);\n  _validaServerest.default.validarConclusaoDeComprasSucesso(resposta);\n});",
                  "err": {},
                  "uuid": "0087aeb6-e359-4a87-ac9f-052d829d23e4",
                  "parentUUID": "661b4015-e3af-480e-b4d2-8db803d6910d",
                  "isHook": false,
                  "skipped": false
                }
              ],
              "suites": [],
              "passes": [
                "4be21c81-eff1-443b-bf6b-6b293b535d8f",
                "0087aeb6-e359-4a87-ac9f-052d829d23e4"
              ],
              "failures": [],
              "pending": [],
              "skipped": [],
              "duration": 883,
              "root": false,
              "rootEmpty": false,
              "_timeout": 2000
            }
          ],
          "passes": [
            "18fdb75e-bafc-4a42-a7cd-d8252ec2fdc0",
            "c3b1d685-4cdb-4f15-9f32-844f54ed48f0",
            "818ab3ef-f49f-4a3f-ac3c-956fdcf18994",
            "064a79fd-feb9-498f-9526-cb6bc7068f0f",
            "c263d9aa-123f-4ffd-92f9-4e49abfdc4ef"
          ],
          "failures": [
            "4e7e538e-49b2-48a3-92fe-8439d81367ee",
            "0960ab98-7818-48a5-a3ae-62e97076326b",
            "443f7042-3615-4fe3-9a53-dd7ab7e8416b"
          ],
          "pending": [],
          "skipped": [],
          "duration": 1987,
          "root": false,
          "rootEmpty": false,
          "_timeout": 2000
        }
      ],
      "passes": [],
      "failures": [],
      "pending": [],
      "skipped": [],
      "duration": 0,
      "root": true,
      "rootEmpty": true,
      "_timeout": 2000
    },
    {
      "uuid": "c24cd95a-45aa-4351-8c2d-2df1988ec0d6",
      "title": "",
      "fullFile": "cypress/integration/primeiroFluxo.spec.js",
      "file": "cypress/integration/primeiroFluxo.spec.js",
      "beforeHooks": [],
      "afterHooks": [],
      "tests": [],
      "suites": [
        {
          "uuid": "b0bd20c5-87a1-41a4-8bb1-57b70a5d8bbf",
          "title": "Casos de teste do fluxo 1",
          "fullFile": "",
          "file": "",
          "beforeHooks": [],
          "afterHooks": [],
          "tests": [
            {
              "title": "Cadastro de usuário com sucesso",
              "fullTitle": "Casos de teste do fluxo 1 Cadastro de usuário com sucesso",
              "timedOut": null,
              "duration": 447,
              "state": "passed",
              "speed": "fast",
              "pass": true,
              "fail": false,
              "pending": false,
              "context": null,
              "code": "_factory.default.gerarUsuario;\n_serverest.default.cadastrarUsuarioComSucesso().then(resposta => {\n  cy.contractValidation(resposta, 'post-usuarios', 201);\n  _validaServerest.default.validarCadastroDeProdutoComSucesso(resposta);\n});",
              "err": {},
              "uuid": "9930cf36-64e0-4646-a7ae-5f88146fa2c5",
              "parentUUID": "b0bd20c5-87a1-41a4-8bb1-57b70a5d8bbf",
              "isHook": false,
              "skipped": false
            },
            {
              "title": "Deve concluir compra com sucesso",
              "fullTitle": "Casos de teste do fluxo 1 Deve concluir compra com sucesso",
              "timedOut": null,
              "duration": 153,
              "state": "failed",
              "speed": null,
              "pass": false,
              "fail": true,
              "pending": false,
              "context": null,
              "code": "_serverest.default.concluirCompra().then(resposta => {\n  cy.contractValidation(resposta, 'delete-carrinhos', 200);\n  _validaServerest.default.validarConclusaoDeComprasSucesso(resposta);\n});",
              "err": {
                "message": "CypressError: `cy.request()` failed trying to load:\n\nhttps://serverest.dev/carrinhos/concluir-compra\n\nWe attempted to make an http request to this URL but the request failed without a response.\n\nWe received this error at the network level:\n\n  > Error: no auth mechanism defined\n\n-----------------------------------------------------------\n\nThe request we sent was:\n\nMethod: DELETE\nURL: https://serverest.dev/carrinhos/concluir-compra\n\n-----------------------------------------------------------\n\nCommon situations why this would fail:\n  - you don't have internet access\n  - you forgot to run / boot your web server\n  - your web server isn't accessible\n  - you have weird network configuration settings on your computer\n\nhttps://on.cypress.io/request",
                "estack": "CypressError: `cy.request()` failed trying to load:\n\nhttps://serverest.dev/carrinhos/concluir-compra\n\nWe attempted to make an http request to this URL but the request failed without a response.\n\nWe received this error at the network level:\n\n  > Error: no auth mechanism defined\n\n-----------------------------------------------------------\n\nThe request we sent was:\n\nMethod: DELETE\nURL: https://serverest.dev/carrinhos/concluir-compra\n\n-----------------------------------------------------------\n\nCommon situations why this would fail:\n  - you don't have internet access\n  - you forgot to run / boot your web server\n  - your web server isn't accessible\n  - you have weird network configuration settings on your computer\n\nhttps://on.cypress.io/request\n    at https://serverest.dev/__cypress/runner/cypress_runner.js:165463:78\n    at tryCatcher (https://serverest.dev/__cypress/runner/cypress_runner.js:13022:23)\n    at https://serverest.dev/__cypress/runner/cypress_runner.js:8161:37\n    at tryCatcher (https://serverest.dev/__cypress/runner/cypress_runner.js:13022:23)\n    at Promise._settlePromiseFromHandler (https://serverest.dev/__cypress/runner/cypress_runner.js:10957:31)\n    at Promise._settlePromise (https://serverest.dev/__cypress/runner/cypress_runner.js:11014:18)\n    at Promise._settlePromise0 (https://serverest.dev/__cypress/runner/cypress_runner.js:11059:10)\n    at Promise._settlePromises (https://serverest.dev/__cypress/runner/cypress_runner.js:11135:18)\n    at _drainQueueStep (https://serverest.dev/__cypress/runner/cypress_runner.js:7729:12)\n    at _drainQueue (https://serverest.dev/__cypress/runner/cypress_runner.js:7722:9)\n    at Async.../../node_modules/bluebird/js/release/async.js.Async._drainQueues (https://serverest.dev/__cypress/runner/cypress_runner.js:7738:5)\n    at Async.drainQueues (https://serverest.dev/__cypress/runner/cypress_runner.js:7608:14)\nFrom Your Spec Code:\n    at Function.concluirCompra (https://serverest.dev/__cypress/tests?p=cypress\\integration\\primeiroFluxo.spec.js:377:15)\n    at Context.eval (https://serverest.dev/__cypress/tests?p=cypress\\integration\\primeiroFluxo.spec.js:228:24)\n\nFrom Node.js Internals:\n  RequestError: Error: no auth mechanism defined\n      at new RequestError (C:\\Users\\Desktop\\AppData\\Local\\Cypress\\Cache\\9.7.0\\Cypress\\resources\\app\\node_modules\\request-promise-core\\lib\\errors.js:14:15)\n      at Request.plumbing.callback (C:\\Users\\Desktop\\AppData\\Local\\Cypress\\Cache\\9.7.0\\Cypress\\resources\\app\\node_modules\\request-promise-core\\lib\\plumbing.js:87:29)\n      at Request.RP$callback [as _callback] (C:\\Users\\Desktop\\AppData\\Local\\Cypress\\Cache\\9.7.0\\Cypress\\resources\\app\\node_modules\\request-promise-core\\lib\\plumbing.js:46:31)\n      at self.callback (C:\\Users\\Desktop\\AppData\\Local\\Cypress\\Cache\\9.7.0\\Cypress\\resources\\app\\node_modules\\@cypress\\request\\request.js:183:22)\n      at Request.emit (node:events:390:28)\n      at Auth.onRequest (C:\\Users\\Desktop\\AppData\\Local\\Cypress\\Cache\\9.7.0\\Cypress\\resources\\app\\node_modules\\@cypress\\request\\lib\\auth.js:132:18)\n      at Request.auth (C:\\Users\\Desktop\\AppData\\Local\\Cypress\\Cache\\9.7.0\\Cypress\\resources\\app\\node_modules\\@cypress\\request\\request.js:1343:14)\n      at Request.init (C:\\Users\\Desktop\\AppData\\Local\\Cypress\\Cache\\9.7.0\\Cypress\\resources\\app\\node_modules\\@cypress\\request\\request.js:376:10)\n      at Request.RP$initInterceptor [as init] (C:\\Users\\Desktop\\AppData\\Local\\Cypress\\Cache\\9.7.0\\Cypress\\resources\\app\\node_modules\\request-promise-core\\configure\\request2.js:45:29)\n      at new Request (C:\\Users\\Desktop\\AppData\\Local\\Cypress\\Cache\\9.7.0\\Cypress\\resources\\app\\node_modules\\@cypress\\request\\request.js:125:8)\n      at request (C:\\Users\\Desktop\\AppData\\Local\\Cypress\\Cache\\9.7.0\\Cypress\\resources\\app\\node_modules\\@cypress\\request\\index.js:53:10)\n      at C:\\Users\\Desktop\\AppData\\Local\\Cypress\\Cache\\9.7.0\\Cypress\\resources\\app\\node_modules\\@cypress\\request\\index.js:100:12\n      at createRetryingRequestPromise (C:\\Users\\Desktop\\AppData\\Local\\Cypress\\Cache\\9.7.0\\Cypress\\resources\\app\\packages\\server\\lib\\request.js:216:10)\n      at Object.create (C:\\Users\\Desktop\\AppData\\Local\\Cypress\\Cache\\9.7.0\\Cypress\\resources\\app\\packages\\server\\lib\\request.js:471:16)\n      at send (C:\\Users\\Desktop\\AppData\\Local\\Cypress\\Cache\\9.7.0\\Cypress\\resources\\app\\packages\\server\\lib\\request.js:767:21)\n      at tryCatcher (C:\\Users\\Desktop\\AppData\\Local\\Cypress\\Cache\\9.7.0\\Cypress\\resources\\app\\packages\\server\\node_modules\\bluebird\\js\\release\\util.js:16:23)\n      at Promise._settlePromiseFromHandler (C:\\Users\\Desktop\\AppData\\Local\\Cypress\\Cache\\9.7.0\\Cypress\\resources\\app\\packages\\server\\node_modules\\bluebird\\js\\release\\promise.js:547:31)\n      at Promise._settlePromise (C:\\Users\\Desktop\\AppData\\Local\\Cypress\\Cache\\9.7.0\\Cypress\\resources\\app\\packages\\server\\node_modules\\bluebird\\js\\release\\promise.js:604:18)\n      at Promise._settlePromise0 (C:\\Users\\Desktop\\AppData\\Local\\Cypress\\Cache\\9.7.0\\Cypress\\resources\\app\\packages\\server\\node_modules\\bluebird\\js\\release\\promise.js:649:10)\n      at Promise._settlePromises (C:\\Users\\Desktop\\AppData\\Local\\Cypress\\Cache\\9.7.0\\Cypress\\resources\\app\\packages\\server\\node_modules\\bluebird\\js\\release\\promise.js:729:18)\n      at _drainQueueStep (C:\\Users\\Desktop\\AppData\\Local\\Cypress\\Cache\\9.7.0\\Cypress\\resources\\app\\packages\\server\\node_modules\\bluebird\\js\\release\\async.js:93:12)\n      at _drainQueue (C:\\Users\\Desktop\\AppData\\Local\\Cypress\\Cache\\9.7.0\\Cypress\\resources\\app\\packages\\server\\node_modules\\bluebird\\js\\release\\async.js:86:9)\n      at Async._drainQueues (C:\\Users\\Desktop\\AppData\\Local\\Cypress\\Cache\\9.7.0\\Cypress\\resources\\app\\packages\\server\\node_modules\\bluebird\\js\\release\\async.js:102:5)\n      at Immediate.Async.drainQueues [as _onImmediate] (C:\\Users\\Desktop\\AppData\\Local\\Cypress\\Cache\\9.7.0\\Cypress\\resources\\app\\packages\\server\\node_modules\\bluebird\\js\\release\\async.js:15:14)\n      at processImmediate (node:internal/timers:464:21)\n  ",
                "diff": null
              },
              "uuid": "21c4dcea-8408-40ca-ba08-53d7bbc49518",
              "parentUUID": "b0bd20c5-87a1-41a4-8bb1-57b70a5d8bbf",
              "isHook": false,
              "skipped": false
            }
          ],
          "suites": [
            {
              "uuid": "b18ce4b2-c0b0-49d7-8c6e-21392b2c3ee6",
              "title": "Logar com sucesso",
              "fullFile": "",
              "file": "",
              "beforeHooks": [],
              "afterHooks": [],
              "tests": [
                {
                  "title": "Deve consultar os produtos da loja",
                  "fullTitle": "Casos de teste do fluxo 1 Logar com sucesso Deve consultar os produtos da loja",
                  "timedOut": null,
                  "duration": 543,
                  "state": "passed",
                  "speed": "fast",
                  "pass": true,
                  "fail": false,
                  "pending": false,
                  "context": null,
                  "code": "_serverest.default.buscarProdutos().then(resposta => {\n  cy.contractValidation(resposta, 'get-produtos', 200);\n  _validaServerest.default.validarBuscaDeProdutos(resposta);\n});",
                  "err": {},
                  "uuid": "e44cfb25-92a4-43c4-8e34-ec31b21674b8",
                  "parentUUID": "b18ce4b2-c0b0-49d7-8c6e-21392b2c3ee6",
                  "isHook": false,
                  "skipped": false
                },
                {
                  "title": "Deve buscar um produto pelo _id com sucesso",
                  "fullTitle": "Casos de teste do fluxo 1 Logar com sucesso Deve buscar um produto pelo _id com sucesso",
                  "timedOut": null,
                  "duration": 675,
                  "state": "failed",
                  "speed": null,
                  "pass": false,
                  "fail": true,
                  "pending": false,
                  "context": null,
                  "code": "_serverest.default.buscarProdutoPorId();\ncy.get('@idProduto');",
                  "err": {
                    "message": "TypeError: Cannot read properties of undefined (reading '0')",
                    "estack": "TypeError: Cannot read properties of undefined (reading '0')\n    at Context.eval (https://serverest.dev/__cypress/tests?p=cypress\\integration\\primeiroFluxo.spec.js:268:26)",
                    "diff": null
                  },
                  "uuid": "3dad6310-345f-4ed0-ba4f-0d7f08bca4c6",
                  "parentUUID": "b18ce4b2-c0b0-49d7-8c6e-21392b2c3ee6",
                  "isHook": false,
                  "skipped": false
                }
              ],
              "suites": [],
              "passes": [
                "e44cfb25-92a4-43c4-8e34-ec31b21674b8"
              ],
              "failures": [
                "3dad6310-345f-4ed0-ba4f-0d7f08bca4c6"
              ],
              "pending": [],
              "skipped": [],
              "duration": 1218,
              "root": false,
              "rootEmpty": false,
              "_timeout": 2000
            }
          ],
          "passes": [
            "9930cf36-64e0-4646-a7ae-5f88146fa2c5"
          ],
          "failures": [
            "21c4dcea-8408-40ca-ba08-53d7bbc49518"
          ],
          "pending": [],
          "skipped": [],
          "duration": 600,
          "root": false,
          "rootEmpty": false,
          "_timeout": 2000
        }
      ],
      "passes": [],
      "failures": [],
      "pending": [],
      "skipped": [],
      "duration": 0,
      "root": true,
      "rootEmpty": true,
      "_timeout": 2000
    }
  ],
  "meta": {
    "mocha": {
      "version": "7.0.1"
    },
    "mochawesome": {
      "options": {
        "quiet": false,
        "reportFilename": "mochawesome",
        "saveHtml": false,
        "saveJson": true,
        "consoleReporter": "spec",
        "useInlineDiffs": false,
        "code": true
      },
      "version": "7.1.3"
    },
    "marge": {
      "options": {
        "id": "default",
        "reportDir": "cypress/reports/mocha",
        "quite": true,
        "overwrite": false,
        "html": false,
        "json": true
      },
      "version": "6.2.0"
    }
  }
}